Determining if the pthread_create exist failed with the following output:
Change Dir: /home/ntut-mit/catkin_ws/build_isolated/path_server/CMakeFiles/CMakeTmp

Run Build Command:"/usr/bin/make" "cmTC_048f2/fast"
/usr/bin/make -f CMakeFiles/cmTC_048f2.dir/build.make CMakeFiles/cmTC_048f2.dir/build
make[1]: Entering directory '/home/ntut-mit/catkin_ws/build_isolated/path_server/CMakeFiles/CMakeTmp'
Building C object CMakeFiles/cmTC_048f2.dir/CheckSymbolExists.c.o
/usr/bin/cc    -o CMakeFiles/cmTC_048f2.dir/CheckSymbolExists.c.o   -c /home/ntut-mit/catkin_ws/build_isolated/path_server/CMakeFiles/CMakeTmp/CheckSymbolExists.c
Linking C executable cmTC_048f2
/usr/bin/cmake -E cmake_link_script CMakeFiles/cmTC_048f2.dir/link.txt --verbose=1
/usr/bin/cc      -rdynamic CMakeFiles/cmTC_048f2.dir/CheckSymbolExists.c.o  -o cmTC_048f2 
CMakeFiles/cmTC_048f2.dir/CheckSymbolExists.c.o: In function `main':
CheckSymbolExists.c:(.text+0x1b): undefined reference to `pthread_create'
collect2: error: ld returned 1 exit status
CMakeFiles/cmTC_048f2.dir/build.make:97: recipe for target 'cmTC_048f2' failed
make[1]: *** [cmTC_048f2] Error 1
make[1]: Leaving directory '/home/ntut-mit/catkin_ws/build_isolated/path_server/CMakeFiles/CMakeTmp'
Makefile:126: recipe for target 'cmTC_048f2/fast' failed
make: *** [cmTC_048f2/fast] Error 2

File /home/ntut-mit/catkin_ws/build_isolated/path_server/CMakeFiles/CMakeTmp/CheckSymbolExists.c:
/* */
#include <pthread.h>

int main(int argc, char** argv)
{
  (void)argv;
#ifndef pthread_create
  return ((int*)(&pthread_create))[argc];
#else
  (void)argc;
  return 0;
#endif
}

Determining if the function pthread_create exists in the pthreads failed with the following output:
Change Dir: /home/ntut-mit/catkin_ws/build_isolated/path_server/CMakeFiles/CMakeTmp

Run Build Command:"/usr/bin/make" "cmTC_4304b/fast"
/usr/bin/make -f CMakeFiles/cmTC_4304b.dir/build.make CMakeFiles/cmTC_4304b.dir/build
make[1]: Entering directory '/home/ntut-mit/catkin_ws/build_isolated/path_server/CMakeFiles/CMakeTmp'
Building C object CMakeFiles/cmTC_4304b.dir/CheckFunctionExists.c.o
/usr/bin/cc   -DCHECK_FUNCTION_EXISTS=pthread_create   -o CMakeFiles/cmTC_4304b.dir/CheckFunctionExists.c.o   -c /usr/share/cmake-3.10/Modules/CheckFunctionExists.c
Linking C executable cmTC_4304b
/usr/bin/cmake -E cmake_link_script CMakeFiles/cmTC_4304b.dir/link.txt --verbose=1
/usr/bin/cc  -DCHECK_FUNCTION_EXISTS=pthread_create    -rdynamic CMakeFiles/cmTC_4304b.dir/CheckFunctionExists.c.o  -o cmTC_4304b -lpthreads 
/usr/bin/ld: cannot find -lpthreads
collect2: error: ld returned 1 exit status
CMakeFiles/cmTC_4304b.dir/build.make:97: recipe for target 'cmTC_4304b' failed
make[1]: *** [cmTC_4304b] Error 1
make[1]: Leaving directory '/home/ntut-mit/catkin_ws/build_isolated/path_server/CMakeFiles/CMakeTmp'
Makefile:126: recipe for target 'cmTC_4304b/fast' failed
make: *** [cmTC_4304b/fast] Error 2


