Determining if the pthread_create exist failed with the following output:
Change Dir: /home/ntut-mit/catkin_ws/build_isolated/kinect2_bridge/CMakeFiles/CMakeTmp

Run Build Command:"/usr/bin/make" "cmTC_d7338/fast"
/usr/bin/make -f CMakeFiles/cmTC_d7338.dir/build.make CMakeFiles/cmTC_d7338.dir/build
make[1]: Entering directory '/home/ntut-mit/catkin_ws/build_isolated/kinect2_bridge/CMakeFiles/CMakeTmp'
Building C object CMakeFiles/cmTC_d7338.dir/CheckSymbolExists.c.o
/usr/bin/cc    -o CMakeFiles/cmTC_d7338.dir/CheckSymbolExists.c.o   -c /home/ntut-mit/catkin_ws/build_isolated/kinect2_bridge/CMakeFiles/CMakeTmp/CheckSymbolExists.c
Linking C executable cmTC_d7338
/usr/bin/cmake -E cmake_link_script CMakeFiles/cmTC_d7338.dir/link.txt --verbose=1
/usr/bin/cc      -rdynamic CMakeFiles/cmTC_d7338.dir/CheckSymbolExists.c.o  -o cmTC_d7338 
CMakeFiles/cmTC_d7338.dir/CheckSymbolExists.c.o: In function `main':
CheckSymbolExists.c:(.text+0x1b): undefined reference to `pthread_create'
collect2: error: ld returned 1 exit status
CMakeFiles/cmTC_d7338.dir/build.make:97: recipe for target 'cmTC_d7338' failed
make[1]: *** [cmTC_d7338] Error 1
make[1]: Leaving directory '/home/ntut-mit/catkin_ws/build_isolated/kinect2_bridge/CMakeFiles/CMakeTmp'
Makefile:126: recipe for target 'cmTC_d7338/fast' failed
make: *** [cmTC_d7338/fast] Error 2

File /home/ntut-mit/catkin_ws/build_isolated/kinect2_bridge/CMakeFiles/CMakeTmp/CheckSymbolExists.c:
/* */
#include <pthread.h>

int main(int argc, char** argv)
{
  (void)argv;
#ifndef pthread_create
  return ((int*)(&pthread_create))[argc];
#else
  (void)argc;
  return 0;
#endif
}

Determining if the function pthread_create exists in the pthreads failed with the following output:
Change Dir: /home/ntut-mit/catkin_ws/build_isolated/kinect2_bridge/CMakeFiles/CMakeTmp

Run Build Command:"/usr/bin/make" "cmTC_6781f/fast"
/usr/bin/make -f CMakeFiles/cmTC_6781f.dir/build.make CMakeFiles/cmTC_6781f.dir/build
make[1]: Entering directory '/home/ntut-mit/catkin_ws/build_isolated/kinect2_bridge/CMakeFiles/CMakeTmp'
Building C object CMakeFiles/cmTC_6781f.dir/CheckFunctionExists.c.o
/usr/bin/cc   -DCHECK_FUNCTION_EXISTS=pthread_create   -o CMakeFiles/cmTC_6781f.dir/CheckFunctionExists.c.o   -c /usr/share/cmake-3.10/Modules/CheckFunctionExists.c
Linking C executable cmTC_6781f
/usr/bin/cmake -E cmake_link_script CMakeFiles/cmTC_6781f.dir/link.txt --verbose=1
/usr/bin/cc  -DCHECK_FUNCTION_EXISTS=pthread_create    -rdynamic CMakeFiles/cmTC_6781f.dir/CheckFunctionExists.c.o  -o cmTC_6781f -lpthreads 
/usr/bin/ld: cannot find -lpthreads
collect2: error: ld returned 1 exit status
CMakeFiles/cmTC_6781f.dir/build.make:97: recipe for target 'cmTC_6781f' failed
make[1]: *** [cmTC_6781f] Error 1
make[1]: Leaving directory '/home/ntut-mit/catkin_ws/build_isolated/kinect2_bridge/CMakeFiles/CMakeTmp'
Makefile:126: recipe for target 'cmTC_6781f/fast' failed
make: *** [cmTC_6781f/fast] Error 2


