Determining if the pthread_create exist failed with the following output:
Change Dir: /home/ntut-mit/catkin_ws/build_isolated/global_planner/CMakeFiles/CMakeTmp

Run Build Command:"/usr/bin/make" "cmTC_46fcf/fast"
/usr/bin/make -f CMakeFiles/cmTC_46fcf.dir/build.make CMakeFiles/cmTC_46fcf.dir/build
make[1]: Entering directory '/home/ntut-mit/catkin_ws/build_isolated/global_planner/CMakeFiles/CMakeTmp'
Building C object CMakeFiles/cmTC_46fcf.dir/CheckSymbolExists.c.o
/usr/bin/cc    -o CMakeFiles/cmTC_46fcf.dir/CheckSymbolExists.c.o   -c /home/ntut-mit/catkin_ws/build_isolated/global_planner/CMakeFiles/CMakeTmp/CheckSymbolExists.c
Linking C executable cmTC_46fcf
/usr/bin/cmake -E cmake_link_script CMakeFiles/cmTC_46fcf.dir/link.txt --verbose=1
/usr/bin/cc      -rdynamic CMakeFiles/cmTC_46fcf.dir/CheckSymbolExists.c.o  -o cmTC_46fcf 
CMakeFiles/cmTC_46fcf.dir/CheckSymbolExists.c.o: In function `main':
CheckSymbolExists.c:(.text+0x1b): undefined reference to `pthread_create'
collect2: error: ld returned 1 exit status
CMakeFiles/cmTC_46fcf.dir/build.make:97: recipe for target 'cmTC_46fcf' failed
make[1]: *** [cmTC_46fcf] Error 1
make[1]: Leaving directory '/home/ntut-mit/catkin_ws/build_isolated/global_planner/CMakeFiles/CMakeTmp'
Makefile:126: recipe for target 'cmTC_46fcf/fast' failed
make: *** [cmTC_46fcf/fast] Error 2

File /home/ntut-mit/catkin_ws/build_isolated/global_planner/CMakeFiles/CMakeTmp/CheckSymbolExists.c:
/* */
#include <pthread.h>

int main(int argc, char** argv)
{
  (void)argv;
#ifndef pthread_create
  return ((int*)(&pthread_create))[argc];
#else
  (void)argc;
  return 0;
#endif
}

Determining if the function pthread_create exists in the pthreads failed with the following output:
Change Dir: /home/ntut-mit/catkin_ws/build_isolated/global_planner/CMakeFiles/CMakeTmp

Run Build Command:"/usr/bin/make" "cmTC_e2076/fast"
/usr/bin/make -f CMakeFiles/cmTC_e2076.dir/build.make CMakeFiles/cmTC_e2076.dir/build
make[1]: Entering directory '/home/ntut-mit/catkin_ws/build_isolated/global_planner/CMakeFiles/CMakeTmp'
Building C object CMakeFiles/cmTC_e2076.dir/CheckFunctionExists.c.o
/usr/bin/cc   -DCHECK_FUNCTION_EXISTS=pthread_create   -o CMakeFiles/cmTC_e2076.dir/CheckFunctionExists.c.o   -c /usr/share/cmake-3.10/Modules/CheckFunctionExists.c
Linking C executable cmTC_e2076
/usr/bin/cmake -E cmake_link_script CMakeFiles/cmTC_e2076.dir/link.txt --verbose=1
/usr/bin/cc  -DCHECK_FUNCTION_EXISTS=pthread_create    -rdynamic CMakeFiles/cmTC_e2076.dir/CheckFunctionExists.c.o  -o cmTC_e2076 -lpthreads 
/usr/bin/ld: cannot find -lpthreads
collect2: error: ld returned 1 exit status
CMakeFiles/cmTC_e2076.dir/build.make:97: recipe for target 'cmTC_e2076' failed
make[1]: *** [cmTC_e2076] Error 1
make[1]: Leaving directory '/home/ntut-mit/catkin_ws/build_isolated/global_planner/CMakeFiles/CMakeTmp'
Makefile:126: recipe for target 'cmTC_e2076/fast' failed
make: *** [cmTC_e2076/fast] Error 2


