Determining if the pthread_create exist failed with the following output:
Change Dir: /home/ntut-mit/catkin_ws/build_isolated/rviz_imu_plugin/CMakeFiles/CMakeTmp

Run Build Command:"/usr/bin/make" "cmTC_ec0e9/fast"
/usr/bin/make -f CMakeFiles/cmTC_ec0e9.dir/build.make CMakeFiles/cmTC_ec0e9.dir/build
make[1]: Entering directory '/home/ntut-mit/catkin_ws/build_isolated/rviz_imu_plugin/CMakeFiles/CMakeTmp'
Building C object CMakeFiles/cmTC_ec0e9.dir/CheckSymbolExists.c.o
/usr/bin/cc    -o CMakeFiles/cmTC_ec0e9.dir/CheckSymbolExists.c.o   -c /home/ntut-mit/catkin_ws/build_isolated/rviz_imu_plugin/CMakeFiles/CMakeTmp/CheckSymbolExists.c
Linking C executable cmTC_ec0e9
/usr/bin/cmake -E cmake_link_script CMakeFiles/cmTC_ec0e9.dir/link.txt --verbose=1
/usr/bin/cc      -rdynamic CMakeFiles/cmTC_ec0e9.dir/CheckSymbolExists.c.o  -o cmTC_ec0e9 
CMakeFiles/cmTC_ec0e9.dir/CheckSymbolExists.c.o: In function `main':
CheckSymbolExists.c:(.text+0x1b): undefined reference to `pthread_create'
collect2: error: ld returned 1 exit status
CMakeFiles/cmTC_ec0e9.dir/build.make:97: recipe for target 'cmTC_ec0e9' failed
make[1]: *** [cmTC_ec0e9] Error 1
make[1]: Leaving directory '/home/ntut-mit/catkin_ws/build_isolated/rviz_imu_plugin/CMakeFiles/CMakeTmp'
Makefile:126: recipe for target 'cmTC_ec0e9/fast' failed
make: *** [cmTC_ec0e9/fast] Error 2

File /home/ntut-mit/catkin_ws/build_isolated/rviz_imu_plugin/CMakeFiles/CMakeTmp/CheckSymbolExists.c:
/* */
#include <pthread.h>

int main(int argc, char** argv)
{
  (void)argv;
#ifndef pthread_create
  return ((int*)(&pthread_create))[argc];
#else
  (void)argc;
  return 0;
#endif
}

Determining if the function pthread_create exists in the pthreads failed with the following output:
Change Dir: /home/ntut-mit/catkin_ws/build_isolated/rviz_imu_plugin/CMakeFiles/CMakeTmp

Run Build Command:"/usr/bin/make" "cmTC_849f3/fast"
/usr/bin/make -f CMakeFiles/cmTC_849f3.dir/build.make CMakeFiles/cmTC_849f3.dir/build
make[1]: Entering directory '/home/ntut-mit/catkin_ws/build_isolated/rviz_imu_plugin/CMakeFiles/CMakeTmp'
Building C object CMakeFiles/cmTC_849f3.dir/CheckFunctionExists.c.o
/usr/bin/cc   -DCHECK_FUNCTION_EXISTS=pthread_create   -o CMakeFiles/cmTC_849f3.dir/CheckFunctionExists.c.o   -c /usr/share/cmake-3.10/Modules/CheckFunctionExists.c
Linking C executable cmTC_849f3
/usr/bin/cmake -E cmake_link_script CMakeFiles/cmTC_849f3.dir/link.txt --verbose=1
/usr/bin/cc  -DCHECK_FUNCTION_EXISTS=pthread_create    -rdynamic CMakeFiles/cmTC_849f3.dir/CheckFunctionExists.c.o  -o cmTC_849f3 -lpthreads 
/usr/bin/ld: cannot find -lpthreads
collect2: error: ld returned 1 exit status
CMakeFiles/cmTC_849f3.dir/build.make:97: recipe for target 'cmTC_849f3' failed
make[1]: *** [cmTC_849f3] Error 1
make[1]: Leaving directory '/home/ntut-mit/catkin_ws/build_isolated/rviz_imu_plugin/CMakeFiles/CMakeTmp'
Makefile:126: recipe for target 'cmTC_849f3/fast' failed
make: *** [cmTC_849f3/fast] Error 2


