Determining if the pthread_create exist failed with the following output:
Change Dir: /home/ntut-mit/catkin_ws/build_isolated/wiimote/CMakeFiles/CMakeTmp

Run Build Command:"/usr/bin/make" "cmTC_fc62f/fast"
/usr/bin/make -f CMakeFiles/cmTC_fc62f.dir/build.make CMakeFiles/cmTC_fc62f.dir/build
make[1]: Entering directory '/home/ntut-mit/catkin_ws/build_isolated/wiimote/CMakeFiles/CMakeTmp'
Building C object CMakeFiles/cmTC_fc62f.dir/CheckSymbolExists.c.o
/usr/bin/cc    -o CMakeFiles/cmTC_fc62f.dir/CheckSymbolExists.c.o   -c /home/ntut-mit/catkin_ws/build_isolated/wiimote/CMakeFiles/CMakeTmp/CheckSymbolExists.c
Linking C executable cmTC_fc62f
/usr/bin/cmake -E cmake_link_script CMakeFiles/cmTC_fc62f.dir/link.txt --verbose=1
/usr/bin/cc      -rdynamic CMakeFiles/cmTC_fc62f.dir/CheckSymbolExists.c.o  -o cmTC_fc62f 
CMakeFiles/cmTC_fc62f.dir/CheckSymbolExists.c.o: In function `main':
CheckSymbolExists.c:(.text+0x1b): undefined reference to `pthread_create'
collect2: error: ld returned 1 exit status
CMakeFiles/cmTC_fc62f.dir/build.make:97: recipe for target 'cmTC_fc62f' failed
make[1]: *** [cmTC_fc62f] Error 1
make[1]: Leaving directory '/home/ntut-mit/catkin_ws/build_isolated/wiimote/CMakeFiles/CMakeTmp'
Makefile:126: recipe for target 'cmTC_fc62f/fast' failed
make: *** [cmTC_fc62f/fast] Error 2

File /home/ntut-mit/catkin_ws/build_isolated/wiimote/CMakeFiles/CMakeTmp/CheckSymbolExists.c:
/* */
#include <pthread.h>

int main(int argc, char** argv)
{
  (void)argv;
#ifndef pthread_create
  return ((int*)(&pthread_create))[argc];
#else
  (void)argc;
  return 0;
#endif
}

Determining if the function pthread_create exists in the pthreads failed with the following output:
Change Dir: /home/ntut-mit/catkin_ws/build_isolated/wiimote/CMakeFiles/CMakeTmp

Run Build Command:"/usr/bin/make" "cmTC_60c6e/fast"
/usr/bin/make -f CMakeFiles/cmTC_60c6e.dir/build.make CMakeFiles/cmTC_60c6e.dir/build
make[1]: Entering directory '/home/ntut-mit/catkin_ws/build_isolated/wiimote/CMakeFiles/CMakeTmp'
Building C object CMakeFiles/cmTC_60c6e.dir/CheckFunctionExists.c.o
/usr/bin/cc   -DCHECK_FUNCTION_EXISTS=pthread_create   -o CMakeFiles/cmTC_60c6e.dir/CheckFunctionExists.c.o   -c /usr/share/cmake-3.10/Modules/CheckFunctionExists.c
Linking C executable cmTC_60c6e
/usr/bin/cmake -E cmake_link_script CMakeFiles/cmTC_60c6e.dir/link.txt --verbose=1
/usr/bin/cc  -DCHECK_FUNCTION_EXISTS=pthread_create    -rdynamic CMakeFiles/cmTC_60c6e.dir/CheckFunctionExists.c.o  -o cmTC_60c6e -lpthreads 
/usr/bin/ld: cannot find -lpthreads
collect2: error: ld returned 1 exit status
CMakeFiles/cmTC_60c6e.dir/build.make:97: recipe for target 'cmTC_60c6e' failed
make[1]: *** [cmTC_60c6e] Error 1
make[1]: Leaving directory '/home/ntut-mit/catkin_ws/build_isolated/wiimote/CMakeFiles/CMakeTmp'
Makefile:126: recipe for target 'cmTC_60c6e/fast' failed
make: *** [cmTC_60c6e/fast] Error 2


