Determining if the pthread_create exist failed with the following output:
Change Dir: /home/ntut-mit/catkin_ws/build_isolated/slam_gmapping/CMakeFiles/CMakeTmp

Run Build Command:"/usr/bin/make" "cmTC_b2cd4/fast"
/usr/bin/make -f CMakeFiles/cmTC_b2cd4.dir/build.make CMakeFiles/cmTC_b2cd4.dir/build
make[1]: Entering directory '/home/ntut-mit/catkin_ws/build_isolated/slam_gmapping/CMakeFiles/CMakeTmp'
Building C object CMakeFiles/cmTC_b2cd4.dir/CheckSymbolExists.c.o
/usr/bin/cc    -o CMakeFiles/cmTC_b2cd4.dir/CheckSymbolExists.c.o   -c /home/ntut-mit/catkin_ws/build_isolated/slam_gmapping/CMakeFiles/CMakeTmp/CheckSymbolExists.c
Linking C executable cmTC_b2cd4
/usr/bin/cmake -E cmake_link_script CMakeFiles/cmTC_b2cd4.dir/link.txt --verbose=1
/usr/bin/cc      -rdynamic CMakeFiles/cmTC_b2cd4.dir/CheckSymbolExists.c.o  -o cmTC_b2cd4 
CMakeFiles/cmTC_b2cd4.dir/CheckSymbolExists.c.o: In function `main':
CheckSymbolExists.c:(.text+0x1b): undefined reference to `pthread_create'
collect2: error: ld returned 1 exit status
CMakeFiles/cmTC_b2cd4.dir/build.make:97: recipe for target 'cmTC_b2cd4' failed
make[1]: *** [cmTC_b2cd4] Error 1
make[1]: Leaving directory '/home/ntut-mit/catkin_ws/build_isolated/slam_gmapping/CMakeFiles/CMakeTmp'
Makefile:126: recipe for target 'cmTC_b2cd4/fast' failed
make: *** [cmTC_b2cd4/fast] Error 2

File /home/ntut-mit/catkin_ws/build_isolated/slam_gmapping/CMakeFiles/CMakeTmp/CheckSymbolExists.c:
/* */
#include <pthread.h>

int main(int argc, char** argv)
{
  (void)argv;
#ifndef pthread_create
  return ((int*)(&pthread_create))[argc];
#else
  (void)argc;
  return 0;
#endif
}

Determining if the function pthread_create exists in the pthreads failed with the following output:
Change Dir: /home/ntut-mit/catkin_ws/build_isolated/slam_gmapping/CMakeFiles/CMakeTmp

Run Build Command:"/usr/bin/make" "cmTC_d9b2b/fast"
/usr/bin/make -f CMakeFiles/cmTC_d9b2b.dir/build.make CMakeFiles/cmTC_d9b2b.dir/build
make[1]: Entering directory '/home/ntut-mit/catkin_ws/build_isolated/slam_gmapping/CMakeFiles/CMakeTmp'
Building C object CMakeFiles/cmTC_d9b2b.dir/CheckFunctionExists.c.o
/usr/bin/cc   -DCHECK_FUNCTION_EXISTS=pthread_create   -o CMakeFiles/cmTC_d9b2b.dir/CheckFunctionExists.c.o   -c /usr/share/cmake-3.10/Modules/CheckFunctionExists.c
Linking C executable cmTC_d9b2b
/usr/bin/cmake -E cmake_link_script CMakeFiles/cmTC_d9b2b.dir/link.txt --verbose=1
/usr/bin/cc  -DCHECK_FUNCTION_EXISTS=pthread_create    -rdynamic CMakeFiles/cmTC_d9b2b.dir/CheckFunctionExists.c.o  -o cmTC_d9b2b -lpthreads 
/usr/bin/ld: cannot find -lpthreads
collect2: error: ld returned 1 exit status
CMakeFiles/cmTC_d9b2b.dir/build.make:97: recipe for target 'cmTC_d9b2b' failed
make[1]: *** [cmTC_d9b2b] Error 1
make[1]: Leaving directory '/home/ntut-mit/catkin_ws/build_isolated/slam_gmapping/CMakeFiles/CMakeTmp'
Makefile:126: recipe for target 'cmTC_d9b2b/fast' failed
make: *** [cmTC_d9b2b/fast] Error 2


