Determining if the pthread_create exist failed with the following output:
Change Dir: /home/ntut-mit/catkin_ws/build_isolated/kinect2_registration/CMakeFiles/CMakeTmp

Run Build Command:"/usr/bin/make" "cmTC_80464/fast"
/usr/bin/make -f CMakeFiles/cmTC_80464.dir/build.make CMakeFiles/cmTC_80464.dir/build
make[1]: Entering directory '/home/ntut-mit/catkin_ws/build_isolated/kinect2_registration/CMakeFiles/CMakeTmp'
Building C object CMakeFiles/cmTC_80464.dir/CheckSymbolExists.c.o
/usr/bin/cc    -o CMakeFiles/cmTC_80464.dir/CheckSymbolExists.c.o   -c /home/ntut-mit/catkin_ws/build_isolated/kinect2_registration/CMakeFiles/CMakeTmp/CheckSymbolExists.c
Linking C executable cmTC_80464
/usr/bin/cmake -E cmake_link_script CMakeFiles/cmTC_80464.dir/link.txt --verbose=1
/usr/bin/cc      -rdynamic CMakeFiles/cmTC_80464.dir/CheckSymbolExists.c.o  -o cmTC_80464 
CMakeFiles/cmTC_80464.dir/CheckSymbolExists.c.o: In function `main':
CheckSymbolExists.c:(.text+0x1b): undefined reference to `pthread_create'
collect2: error: ld returned 1 exit status
CMakeFiles/cmTC_80464.dir/build.make:97: recipe for target 'cmTC_80464' failed
make[1]: *** [cmTC_80464] Error 1
make[1]: Leaving directory '/home/ntut-mit/catkin_ws/build_isolated/kinect2_registration/CMakeFiles/CMakeTmp'
Makefile:126: recipe for target 'cmTC_80464/fast' failed
make: *** [cmTC_80464/fast] Error 2

File /home/ntut-mit/catkin_ws/build_isolated/kinect2_registration/CMakeFiles/CMakeTmp/CheckSymbolExists.c:
/* */
#include <pthread.h>

int main(int argc, char** argv)
{
  (void)argv;
#ifndef pthread_create
  return ((int*)(&pthread_create))[argc];
#else
  (void)argc;
  return 0;
#endif
}

Determining if the function pthread_create exists in the pthreads failed with the following output:
Change Dir: /home/ntut-mit/catkin_ws/build_isolated/kinect2_registration/CMakeFiles/CMakeTmp

Run Build Command:"/usr/bin/make" "cmTC_b283d/fast"
/usr/bin/make -f CMakeFiles/cmTC_b283d.dir/build.make CMakeFiles/cmTC_b283d.dir/build
make[1]: Entering directory '/home/ntut-mit/catkin_ws/build_isolated/kinect2_registration/CMakeFiles/CMakeTmp'
Building C object CMakeFiles/cmTC_b283d.dir/CheckFunctionExists.c.o
/usr/bin/cc   -DCHECK_FUNCTION_EXISTS=pthread_create   -o CMakeFiles/cmTC_b283d.dir/CheckFunctionExists.c.o   -c /usr/share/cmake-3.10/Modules/CheckFunctionExists.c
Linking C executable cmTC_b283d
/usr/bin/cmake -E cmake_link_script CMakeFiles/cmTC_b283d.dir/link.txt --verbose=1
/usr/bin/cc  -DCHECK_FUNCTION_EXISTS=pthread_create    -rdynamic CMakeFiles/cmTC_b283d.dir/CheckFunctionExists.c.o  -o cmTC_b283d -lpthreads 
/usr/bin/ld: cannot find -lpthreads
collect2: error: ld returned 1 exit status
CMakeFiles/cmTC_b283d.dir/build.make:97: recipe for target 'cmTC_b283d' failed
make[1]: *** [cmTC_b283d] Error 1
make[1]: Leaving directory '/home/ntut-mit/catkin_ws/build_isolated/kinect2_registration/CMakeFiles/CMakeTmp'
Makefile:126: recipe for target 'cmTC_b283d/fast' failed
make: *** [cmTC_b283d/fast] Error 2


Performing C++ SOURCE FILE Test OpenCL_CXX_WORKS failed with the following output:
Change Dir: /home/ntut-mit/catkin_ws/build_isolated/kinect2_registration/CMakeFiles/CMakeTmp

Run Build Command:"/usr/bin/make" "cmTC_b15cf/fast"
/usr/bin/make -f CMakeFiles/cmTC_b15cf.dir/build.make CMakeFiles/cmTC_b15cf.dir/build
make[1]: Entering directory '/home/ntut-mit/catkin_ws/build_isolated/kinect2_registration/CMakeFiles/CMakeTmp'
Building CXX object CMakeFiles/cmTC_b15cf.dir/src.cxx.o
/usr/bin/c++   -I/include/internal  -DBT_USE_DOUBLE_PRECISION -Wall -Wuninitialized -Winit-self -Wunused-function -Wunused-label -Wunused-variable -Wunused-but-set-variable -Wunused-but-set-parameter -Warray-bounds -Wtype-limits -Wreturn-type -Wsequence-point -Wparentheses -Wmissing-braces -Wchar-subscripts -Wswitch -Wwrite-strings -Wenum-compare -Wempty-body -std=c++11 -fopenmp -DOpenCL_CXX_WORKS   -o CMakeFiles/cmTC_b15cf.dir/src.cxx.o -c /home/ntut-mit/catkin_ws/build_isolated/kinect2_registration/CMakeFiles/CMakeTmp/src.cxx
/home/ntut-mit/catkin_ws/build_isolated/kinect2_registration/CMakeFiles/CMakeTmp/src.cxx:2:10: fatal error: CL/cl.hpp: No such file or directory
 #include <CL/cl.hpp>
          ^~~~~~~~~~~
compilation terminated.
CMakeFiles/cmTC_b15cf.dir/build.make:65: recipe for target 'CMakeFiles/cmTC_b15cf.dir/src.cxx.o' failed
make[1]: *** [CMakeFiles/cmTC_b15cf.dir/src.cxx.o] Error 1
make[1]: Leaving directory '/home/ntut-mit/catkin_ws/build_isolated/kinect2_registration/CMakeFiles/CMakeTmp'
Makefile:126: recipe for target 'cmTC_b15cf/fast' failed
make: *** [cmTC_b15cf/fast] Error 2

Source file was:

#include <CL/cl.hpp>
int main() {
  cl::Context context;
  cl::Platform platform;
  cl::Device device;
  return 0;
}
