Determining if the pthread_create exist failed with the following output:
Change Dir: /home/ntut-mit/catkin_ws/build_isolated/voxel_grid/CMakeFiles/CMakeTmp

Run Build Command:"/usr/bin/make" "cmTC_a714d/fast"
/usr/bin/make -f CMakeFiles/cmTC_a714d.dir/build.make CMakeFiles/cmTC_a714d.dir/build
make[1]: Entering directory '/home/ntut-mit/catkin_ws/build_isolated/voxel_grid/CMakeFiles/CMakeTmp'
Building C object CMakeFiles/cmTC_a714d.dir/CheckSymbolExists.c.o
/usr/bin/cc    -o CMakeFiles/cmTC_a714d.dir/CheckSymbolExists.c.o   -c /home/ntut-mit/catkin_ws/build_isolated/voxel_grid/CMakeFiles/CMakeTmp/CheckSymbolExists.c
Linking C executable cmTC_a714d
/usr/bin/cmake -E cmake_link_script CMakeFiles/cmTC_a714d.dir/link.txt --verbose=1
/usr/bin/cc      -rdynamic CMakeFiles/cmTC_a714d.dir/CheckSymbolExists.c.o  -o cmTC_a714d 
CMakeFiles/cmTC_a714d.dir/CheckSymbolExists.c.o: In function `main':
CheckSymbolExists.c:(.text+0x1b): undefined reference to `pthread_create'
collect2: error: ld returned 1 exit status
CMakeFiles/cmTC_a714d.dir/build.make:97: recipe for target 'cmTC_a714d' failed
make[1]: *** [cmTC_a714d] Error 1
make[1]: Leaving directory '/home/ntut-mit/catkin_ws/build_isolated/voxel_grid/CMakeFiles/CMakeTmp'
Makefile:126: recipe for target 'cmTC_a714d/fast' failed
make: *** [cmTC_a714d/fast] Error 2

File /home/ntut-mit/catkin_ws/build_isolated/voxel_grid/CMakeFiles/CMakeTmp/CheckSymbolExists.c:
/* */
#include <pthread.h>

int main(int argc, char** argv)
{
  (void)argv;
#ifndef pthread_create
  return ((int*)(&pthread_create))[argc];
#else
  (void)argc;
  return 0;
#endif
}

Determining if the function pthread_create exists in the pthreads failed with the following output:
Change Dir: /home/ntut-mit/catkin_ws/build_isolated/voxel_grid/CMakeFiles/CMakeTmp

Run Build Command:"/usr/bin/make" "cmTC_b0551/fast"
/usr/bin/make -f CMakeFiles/cmTC_b0551.dir/build.make CMakeFiles/cmTC_b0551.dir/build
make[1]: Entering directory '/home/ntut-mit/catkin_ws/build_isolated/voxel_grid/CMakeFiles/CMakeTmp'
Building C object CMakeFiles/cmTC_b0551.dir/CheckFunctionExists.c.o
/usr/bin/cc   -DCHECK_FUNCTION_EXISTS=pthread_create   -o CMakeFiles/cmTC_b0551.dir/CheckFunctionExists.c.o   -c /usr/share/cmake-3.10/Modules/CheckFunctionExists.c
Linking C executable cmTC_b0551
/usr/bin/cmake -E cmake_link_script CMakeFiles/cmTC_b0551.dir/link.txt --verbose=1
/usr/bin/cc  -DCHECK_FUNCTION_EXISTS=pthread_create    -rdynamic CMakeFiles/cmTC_b0551.dir/CheckFunctionExists.c.o  -o cmTC_b0551 -lpthreads 
/usr/bin/ld: cannot find -lpthreads
collect2: error: ld returned 1 exit status
CMakeFiles/cmTC_b0551.dir/build.make:97: recipe for target 'cmTC_b0551' failed
make[1]: *** [cmTC_b0551] Error 1
make[1]: Leaving directory '/home/ntut-mit/catkin_ws/build_isolated/voxel_grid/CMakeFiles/CMakeTmp'
Makefile:126: recipe for target 'cmTC_b0551/fast' failed
make: *** [cmTC_b0551/fast] Error 2


