Determining if the pthread_create exist failed with the following output:
Change Dir: /home/ntut-mit/catkin_ws/build_isolated/autolabor_keyboard_control/CMakeFiles/CMakeTmp

Run Build Command:"/usr/bin/make" "cmTC_d60b7/fast"
/usr/bin/make -f CMakeFiles/cmTC_d60b7.dir/build.make CMakeFiles/cmTC_d60b7.dir/build
make[1]: Entering directory '/home/ntut-mit/catkin_ws/build_isolated/autolabor_keyboard_control/CMakeFiles/CMakeTmp'
Building C object CMakeFiles/cmTC_d60b7.dir/CheckSymbolExists.c.o
/usr/bin/cc    -o CMakeFiles/cmTC_d60b7.dir/CheckSymbolExists.c.o   -c /home/ntut-mit/catkin_ws/build_isolated/autolabor_keyboard_control/CMakeFiles/CMakeTmp/CheckSymbolExists.c
Linking C executable cmTC_d60b7
/usr/bin/cmake -E cmake_link_script CMakeFiles/cmTC_d60b7.dir/link.txt --verbose=1
/usr/bin/cc      -rdynamic CMakeFiles/cmTC_d60b7.dir/CheckSymbolExists.c.o  -o cmTC_d60b7 
CMakeFiles/cmTC_d60b7.dir/CheckSymbolExists.c.o: In function `main':
CheckSymbolExists.c:(.text+0x1b): undefined reference to `pthread_create'
collect2: error: ld returned 1 exit status
CMakeFiles/cmTC_d60b7.dir/build.make:97: recipe for target 'cmTC_d60b7' failed
make[1]: *** [cmTC_d60b7] Error 1
make[1]: Leaving directory '/home/ntut-mit/catkin_ws/build_isolated/autolabor_keyboard_control/CMakeFiles/CMakeTmp'
Makefile:126: recipe for target 'cmTC_d60b7/fast' failed
make: *** [cmTC_d60b7/fast] Error 2

File /home/ntut-mit/catkin_ws/build_isolated/autolabor_keyboard_control/CMakeFiles/CMakeTmp/CheckSymbolExists.c:
/* */
#include <pthread.h>

int main(int argc, char** argv)
{
  (void)argv;
#ifndef pthread_create
  return ((int*)(&pthread_create))[argc];
#else
  (void)argc;
  return 0;
#endif
}

Determining if the function pthread_create exists in the pthreads failed with the following output:
Change Dir: /home/ntut-mit/catkin_ws/build_isolated/autolabor_keyboard_control/CMakeFiles/CMakeTmp

Run Build Command:"/usr/bin/make" "cmTC_1b889/fast"
/usr/bin/make -f CMakeFiles/cmTC_1b889.dir/build.make CMakeFiles/cmTC_1b889.dir/build
make[1]: Entering directory '/home/ntut-mit/catkin_ws/build_isolated/autolabor_keyboard_control/CMakeFiles/CMakeTmp'
Building C object CMakeFiles/cmTC_1b889.dir/CheckFunctionExists.c.o
/usr/bin/cc   -DCHECK_FUNCTION_EXISTS=pthread_create   -o CMakeFiles/cmTC_1b889.dir/CheckFunctionExists.c.o   -c /usr/share/cmake-3.10/Modules/CheckFunctionExists.c
Linking C executable cmTC_1b889
/usr/bin/cmake -E cmake_link_script CMakeFiles/cmTC_1b889.dir/link.txt --verbose=1
/usr/bin/cc  -DCHECK_FUNCTION_EXISTS=pthread_create    -rdynamic CMakeFiles/cmTC_1b889.dir/CheckFunctionExists.c.o  -o cmTC_1b889 -lpthreads 
/usr/bin/ld: cannot find -lpthreads
collect2: error: ld returned 1 exit status
CMakeFiles/cmTC_1b889.dir/build.make:97: recipe for target 'cmTC_1b889' failed
make[1]: *** [cmTC_1b889] Error 1
make[1]: Leaving directory '/home/ntut-mit/catkin_ws/build_isolated/autolabor_keyboard_control/CMakeFiles/CMakeTmp'
Makefile:126: recipe for target 'cmTC_1b889/fast' failed
make: *** [cmTC_1b889/fast] Error 2


