Determining if the pthread_create exist failed with the following output:
Change Dir: /home/ntut-mit/catkin_ws/build_isolated/dwa_local_planner/CMakeFiles/CMakeTmp

Run Build Command:"/usr/bin/make" "cmTC_f1ecb/fast"
/usr/bin/make -f CMakeFiles/cmTC_f1ecb.dir/build.make CMakeFiles/cmTC_f1ecb.dir/build
make[1]: Entering directory '/home/ntut-mit/catkin_ws/build_isolated/dwa_local_planner/CMakeFiles/CMakeTmp'
Building C object CMakeFiles/cmTC_f1ecb.dir/CheckSymbolExists.c.o
/usr/bin/cc    -o CMakeFiles/cmTC_f1ecb.dir/CheckSymbolExists.c.o   -c /home/ntut-mit/catkin_ws/build_isolated/dwa_local_planner/CMakeFiles/CMakeTmp/CheckSymbolExists.c
Linking C executable cmTC_f1ecb
/usr/bin/cmake -E cmake_link_script CMakeFiles/cmTC_f1ecb.dir/link.txt --verbose=1
/usr/bin/cc      -rdynamic CMakeFiles/cmTC_f1ecb.dir/CheckSymbolExists.c.o  -o cmTC_f1ecb 
CMakeFiles/cmTC_f1ecb.dir/CheckSymbolExists.c.o: In function `main':
CheckSymbolExists.c:(.text+0x1b): undefined reference to `pthread_create'
collect2: error: ld returned 1 exit status
CMakeFiles/cmTC_f1ecb.dir/build.make:97: recipe for target 'cmTC_f1ecb' failed
make[1]: *** [cmTC_f1ecb] Error 1
make[1]: Leaving directory '/home/ntut-mit/catkin_ws/build_isolated/dwa_local_planner/CMakeFiles/CMakeTmp'
Makefile:126: recipe for target 'cmTC_f1ecb/fast' failed
make: *** [cmTC_f1ecb/fast] Error 2

File /home/ntut-mit/catkin_ws/build_isolated/dwa_local_planner/CMakeFiles/CMakeTmp/CheckSymbolExists.c:
/* */
#include <pthread.h>

int main(int argc, char** argv)
{
  (void)argv;
#ifndef pthread_create
  return ((int*)(&pthread_create))[argc];
#else
  (void)argc;
  return 0;
#endif
}

Determining if the function pthread_create exists in the pthreads failed with the following output:
Change Dir: /home/ntut-mit/catkin_ws/build_isolated/dwa_local_planner/CMakeFiles/CMakeTmp

Run Build Command:"/usr/bin/make" "cmTC_8b41f/fast"
/usr/bin/make -f CMakeFiles/cmTC_8b41f.dir/build.make CMakeFiles/cmTC_8b41f.dir/build
make[1]: Entering directory '/home/ntut-mit/catkin_ws/build_isolated/dwa_local_planner/CMakeFiles/CMakeTmp'
Building C object CMakeFiles/cmTC_8b41f.dir/CheckFunctionExists.c.o
/usr/bin/cc   -DCHECK_FUNCTION_EXISTS=pthread_create   -o CMakeFiles/cmTC_8b41f.dir/CheckFunctionExists.c.o   -c /usr/share/cmake-3.10/Modules/CheckFunctionExists.c
Linking C executable cmTC_8b41f
/usr/bin/cmake -E cmake_link_script CMakeFiles/cmTC_8b41f.dir/link.txt --verbose=1
/usr/bin/cc  -DCHECK_FUNCTION_EXISTS=pthread_create    -rdynamic CMakeFiles/cmTC_8b41f.dir/CheckFunctionExists.c.o  -o cmTC_8b41f -lpthreads 
/usr/bin/ld: cannot find -lpthreads
collect2: error: ld returned 1 exit status
CMakeFiles/cmTC_8b41f.dir/build.make:97: recipe for target 'cmTC_8b41f' failed
make[1]: *** [cmTC_8b41f] Error 1
make[1]: Leaving directory '/home/ntut-mit/catkin_ws/build_isolated/dwa_local_planner/CMakeFiles/CMakeTmp'
Makefile:126: recipe for target 'cmTC_8b41f/fast' failed
make: *** [cmTC_8b41f/fast] Error 2


