Determining if the pthread_create exist failed with the following output:
Change Dir: /home/ntut-mit/catkin_ws/build_isolated/navigation/CMakeFiles/CMakeTmp

Run Build Command:"/usr/bin/make" "cmTC_7965f/fast"
/usr/bin/make -f CMakeFiles/cmTC_7965f.dir/build.make CMakeFiles/cmTC_7965f.dir/build
make[1]: Entering directory '/home/ntut-mit/catkin_ws/build_isolated/navigation/CMakeFiles/CMakeTmp'
Building C object CMakeFiles/cmTC_7965f.dir/CheckSymbolExists.c.o
/usr/bin/cc    -o CMakeFiles/cmTC_7965f.dir/CheckSymbolExists.c.o   -c /home/ntut-mit/catkin_ws/build_isolated/navigation/CMakeFiles/CMakeTmp/CheckSymbolExists.c
Linking C executable cmTC_7965f
/usr/bin/cmake -E cmake_link_script CMakeFiles/cmTC_7965f.dir/link.txt --verbose=1
/usr/bin/cc      -rdynamic CMakeFiles/cmTC_7965f.dir/CheckSymbolExists.c.o  -o cmTC_7965f 
CMakeFiles/cmTC_7965f.dir/CheckSymbolExists.c.o: In function `main':
CheckSymbolExists.c:(.text+0x1b): undefined reference to `pthread_create'
collect2: error: ld returned 1 exit status
CMakeFiles/cmTC_7965f.dir/build.make:97: recipe for target 'cmTC_7965f' failed
make[1]: *** [cmTC_7965f] Error 1
make[1]: Leaving directory '/home/ntut-mit/catkin_ws/build_isolated/navigation/CMakeFiles/CMakeTmp'
Makefile:126: recipe for target 'cmTC_7965f/fast' failed
make: *** [cmTC_7965f/fast] Error 2

File /home/ntut-mit/catkin_ws/build_isolated/navigation/CMakeFiles/CMakeTmp/CheckSymbolExists.c:
/* */
#include <pthread.h>

int main(int argc, char** argv)
{
  (void)argv;
#ifndef pthread_create
  return ((int*)(&pthread_create))[argc];
#else
  (void)argc;
  return 0;
#endif
}

Determining if the function pthread_create exists in the pthreads failed with the following output:
Change Dir: /home/ntut-mit/catkin_ws/build_isolated/navigation/CMakeFiles/CMakeTmp

Run Build Command:"/usr/bin/make" "cmTC_04e3a/fast"
/usr/bin/make -f CMakeFiles/cmTC_04e3a.dir/build.make CMakeFiles/cmTC_04e3a.dir/build
make[1]: Entering directory '/home/ntut-mit/catkin_ws/build_isolated/navigation/CMakeFiles/CMakeTmp'
Building C object CMakeFiles/cmTC_04e3a.dir/CheckFunctionExists.c.o
/usr/bin/cc   -DCHECK_FUNCTION_EXISTS=pthread_create   -o CMakeFiles/cmTC_04e3a.dir/CheckFunctionExists.c.o   -c /usr/share/cmake-3.10/Modules/CheckFunctionExists.c
Linking C executable cmTC_04e3a
/usr/bin/cmake -E cmake_link_script CMakeFiles/cmTC_04e3a.dir/link.txt --verbose=1
/usr/bin/cc  -DCHECK_FUNCTION_EXISTS=pthread_create    -rdynamic CMakeFiles/cmTC_04e3a.dir/CheckFunctionExists.c.o  -o cmTC_04e3a -lpthreads 
/usr/bin/ld: cannot find -lpthreads
collect2: error: ld returned 1 exit status
CMakeFiles/cmTC_04e3a.dir/build.make:97: recipe for target 'cmTC_04e3a' failed
make[1]: *** [cmTC_04e3a] Error 1
make[1]: Leaving directory '/home/ntut-mit/catkin_ws/build_isolated/navigation/CMakeFiles/CMakeTmp'
Makefile:126: recipe for target 'cmTC_04e3a/fast' failed
make: *** [cmTC_04e3a/fast] Error 2


