Determining if the pthread_create exist failed with the following output:
Change Dir: /home/ntut-mit/catkin_ws/build_isolated/cartographer/devel/CMakeFiles/CMakeTmp

Run Build Command:"/usr/bin/make" "cmTC_fe0e8/fast"
/usr/bin/make -f CMakeFiles/cmTC_fe0e8.dir/build.make CMakeFiles/cmTC_fe0e8.dir/build
make[1]: Entering directory '/home/ntut-mit/catkin_ws/build_isolated/cartographer/devel/CMakeFiles/CMakeTmp'
Building C object CMakeFiles/cmTC_fe0e8.dir/CheckSymbolExists.c.o
/usr/bin/cc    -o CMakeFiles/cmTC_fe0e8.dir/CheckSymbolExists.c.o   -c /home/ntut-mit/catkin_ws/build_isolated/cartographer/devel/CMakeFiles/CMakeTmp/CheckSymbolExists.c
Linking C executable cmTC_fe0e8
/usr/bin/cmake -E cmake_link_script CMakeFiles/cmTC_fe0e8.dir/link.txt --verbose=1
/usr/bin/cc      -rdynamic CMakeFiles/cmTC_fe0e8.dir/CheckSymbolExists.c.o  -o cmTC_fe0e8 
CMakeFiles/cmTC_fe0e8.dir/CheckSymbolExists.c.o: In function `main':
CheckSymbolExists.c:(.text+0x1b): undefined reference to `pthread_create'
collect2: error: ld returned 1 exit status
CMakeFiles/cmTC_fe0e8.dir/build.make:97: recipe for target 'cmTC_fe0e8' failed
make[1]: *** [cmTC_fe0e8] Error 1
make[1]: Leaving directory '/home/ntut-mit/catkin_ws/build_isolated/cartographer/devel/CMakeFiles/CMakeTmp'
Makefile:126: recipe for target 'cmTC_fe0e8/fast' failed
make: *** [cmTC_fe0e8/fast] Error 2

File /home/ntut-mit/catkin_ws/build_isolated/cartographer/devel/CMakeFiles/CMakeTmp/CheckSymbolExists.c:
/* */
#include <pthread.h>

int main(int argc, char** argv)
{
  (void)argv;
#ifndef pthread_create
  return ((int*)(&pthread_create))[argc];
#else
  (void)argc;
  return 0;
#endif
}

Determining if the function pthread_create exists in the pthreads failed with the following output:
Change Dir: /home/ntut-mit/catkin_ws/build_isolated/cartographer/devel/CMakeFiles/CMakeTmp

Run Build Command:"/usr/bin/make" "cmTC_8d86a/fast"
/usr/bin/make -f CMakeFiles/cmTC_8d86a.dir/build.make CMakeFiles/cmTC_8d86a.dir/build
make[1]: Entering directory '/home/ntut-mit/catkin_ws/build_isolated/cartographer/devel/CMakeFiles/CMakeTmp'
Building C object CMakeFiles/cmTC_8d86a.dir/CheckFunctionExists.c.o
/usr/bin/cc   -DCHECK_FUNCTION_EXISTS=pthread_create   -o CMakeFiles/cmTC_8d86a.dir/CheckFunctionExists.c.o   -c /usr/share/cmake-3.10/Modules/CheckFunctionExists.c
Linking C executable cmTC_8d86a
/usr/bin/cmake -E cmake_link_script CMakeFiles/cmTC_8d86a.dir/link.txt --verbose=1
/usr/bin/cc  -DCHECK_FUNCTION_EXISTS=pthread_create    -rdynamic CMakeFiles/cmTC_8d86a.dir/CheckFunctionExists.c.o  -o cmTC_8d86a -lpthreads 
/usr/bin/ld: cannot find -lpthreads
collect2: error: ld returned 1 exit status
CMakeFiles/cmTC_8d86a.dir/build.make:97: recipe for target 'cmTC_8d86a' failed
make[1]: *** [cmTC_8d86a] Error 1
make[1]: Leaving directory '/home/ntut-mit/catkin_ws/build_isolated/cartographer/devel/CMakeFiles/CMakeTmp'
Makefile:126: recipe for target 'cmTC_8d86a/fast' failed
make: *** [cmTC_8d86a/fast] Error 2


