Determining if the pthread_create exist failed with the following output:
Change Dir: /home/ntut-mit/catkin_ws/build_isolated/stereo_image_proc/CMakeFiles/CMakeTmp

Run Build Command:"/usr/bin/make" "cmTC_8e5ca/fast"
/usr/bin/make -f CMakeFiles/cmTC_8e5ca.dir/build.make CMakeFiles/cmTC_8e5ca.dir/build
make[1]: Entering directory '/home/ntut-mit/catkin_ws/build_isolated/stereo_image_proc/CMakeFiles/CMakeTmp'
Building C object CMakeFiles/cmTC_8e5ca.dir/CheckSymbolExists.c.o
/usr/bin/cc    -o CMakeFiles/cmTC_8e5ca.dir/CheckSymbolExists.c.o   -c /home/ntut-mit/catkin_ws/build_isolated/stereo_image_proc/CMakeFiles/CMakeTmp/CheckSymbolExists.c
Linking C executable cmTC_8e5ca
/usr/bin/cmake -E cmake_link_script CMakeFiles/cmTC_8e5ca.dir/link.txt --verbose=1
/usr/bin/cc      -rdynamic CMakeFiles/cmTC_8e5ca.dir/CheckSymbolExists.c.o  -o cmTC_8e5ca 
CMakeFiles/cmTC_8e5ca.dir/CheckSymbolExists.c.o: In function `main':
CheckSymbolExists.c:(.text+0x1b): undefined reference to `pthread_create'
collect2: error: ld returned 1 exit status
CMakeFiles/cmTC_8e5ca.dir/build.make:97: recipe for target 'cmTC_8e5ca' failed
make[1]: *** [cmTC_8e5ca] Error 1
make[1]: Leaving directory '/home/ntut-mit/catkin_ws/build_isolated/stereo_image_proc/CMakeFiles/CMakeTmp'
Makefile:126: recipe for target 'cmTC_8e5ca/fast' failed
make: *** [cmTC_8e5ca/fast] Error 2

File /home/ntut-mit/catkin_ws/build_isolated/stereo_image_proc/CMakeFiles/CMakeTmp/CheckSymbolExists.c:
/* */
#include <pthread.h>

int main(int argc, char** argv)
{
  (void)argv;
#ifndef pthread_create
  return ((int*)(&pthread_create))[argc];
#else
  (void)argc;
  return 0;
#endif
}

Determining if the function pthread_create exists in the pthreads failed with the following output:
Change Dir: /home/ntut-mit/catkin_ws/build_isolated/stereo_image_proc/CMakeFiles/CMakeTmp

Run Build Command:"/usr/bin/make" "cmTC_55ac1/fast"
/usr/bin/make -f CMakeFiles/cmTC_55ac1.dir/build.make CMakeFiles/cmTC_55ac1.dir/build
make[1]: Entering directory '/home/ntut-mit/catkin_ws/build_isolated/stereo_image_proc/CMakeFiles/CMakeTmp'
Building C object CMakeFiles/cmTC_55ac1.dir/CheckFunctionExists.c.o
/usr/bin/cc   -DCHECK_FUNCTION_EXISTS=pthread_create   -o CMakeFiles/cmTC_55ac1.dir/CheckFunctionExists.c.o   -c /usr/share/cmake-3.10/Modules/CheckFunctionExists.c
Linking C executable cmTC_55ac1
/usr/bin/cmake -E cmake_link_script CMakeFiles/cmTC_55ac1.dir/link.txt --verbose=1
/usr/bin/cc  -DCHECK_FUNCTION_EXISTS=pthread_create    -rdynamic CMakeFiles/cmTC_55ac1.dir/CheckFunctionExists.c.o  -o cmTC_55ac1 -lpthreads 
/usr/bin/ld: cannot find -lpthreads
collect2: error: ld returned 1 exit status
CMakeFiles/cmTC_55ac1.dir/build.make:97: recipe for target 'cmTC_55ac1' failed
make[1]: *** [cmTC_55ac1] Error 1
make[1]: Leaving directory '/home/ntut-mit/catkin_ws/build_isolated/stereo_image_proc/CMakeFiles/CMakeTmp'
Makefile:126: recipe for target 'cmTC_55ac1/fast' failed
make: *** [cmTC_55ac1/fast] Error 2


