Determining if the pthread_create exist failed with the following output:
Change Dir: /home/ntut-mit/catkin_ws/build_isolated/urg_node/CMakeFiles/CMakeTmp

Run Build Command:"/usr/bin/make" "cmTC_e45bf/fast"
/usr/bin/make -f CMakeFiles/cmTC_e45bf.dir/build.make CMakeFiles/cmTC_e45bf.dir/build
make[1]: Entering directory '/home/ntut-mit/catkin_ws/build_isolated/urg_node/CMakeFiles/CMakeTmp'
Building C object CMakeFiles/cmTC_e45bf.dir/CheckSymbolExists.c.o
/usr/bin/cc    -o CMakeFiles/cmTC_e45bf.dir/CheckSymbolExists.c.o   -c /home/ntut-mit/catkin_ws/build_isolated/urg_node/CMakeFiles/CMakeTmp/CheckSymbolExists.c
Linking C executable cmTC_e45bf
/usr/bin/cmake -E cmake_link_script CMakeFiles/cmTC_e45bf.dir/link.txt --verbose=1
/usr/bin/cc      -rdynamic CMakeFiles/cmTC_e45bf.dir/CheckSymbolExists.c.o  -o cmTC_e45bf 
CMakeFiles/cmTC_e45bf.dir/CheckSymbolExists.c.o: In function `main':
CheckSymbolExists.c:(.text+0x1b): undefined reference to `pthread_create'
collect2: error: ld returned 1 exit status
CMakeFiles/cmTC_e45bf.dir/build.make:97: recipe for target 'cmTC_e45bf' failed
make[1]: *** [cmTC_e45bf] Error 1
make[1]: Leaving directory '/home/ntut-mit/catkin_ws/build_isolated/urg_node/CMakeFiles/CMakeTmp'
Makefile:126: recipe for target 'cmTC_e45bf/fast' failed
make: *** [cmTC_e45bf/fast] Error 2

File /home/ntut-mit/catkin_ws/build_isolated/urg_node/CMakeFiles/CMakeTmp/CheckSymbolExists.c:
/* */
#include <pthread.h>

int main(int argc, char** argv)
{
  (void)argv;
#ifndef pthread_create
  return ((int*)(&pthread_create))[argc];
#else
  (void)argc;
  return 0;
#endif
}

Determining if the function pthread_create exists in the pthreads failed with the following output:
Change Dir: /home/ntut-mit/catkin_ws/build_isolated/urg_node/CMakeFiles/CMakeTmp

Run Build Command:"/usr/bin/make" "cmTC_3b6f6/fast"
/usr/bin/make -f CMakeFiles/cmTC_3b6f6.dir/build.make CMakeFiles/cmTC_3b6f6.dir/build
make[1]: Entering directory '/home/ntut-mit/catkin_ws/build_isolated/urg_node/CMakeFiles/CMakeTmp'
Building C object CMakeFiles/cmTC_3b6f6.dir/CheckFunctionExists.c.o
/usr/bin/cc   -DCHECK_FUNCTION_EXISTS=pthread_create   -o CMakeFiles/cmTC_3b6f6.dir/CheckFunctionExists.c.o   -c /usr/share/cmake-3.10/Modules/CheckFunctionExists.c
Linking C executable cmTC_3b6f6
/usr/bin/cmake -E cmake_link_script CMakeFiles/cmTC_3b6f6.dir/link.txt --verbose=1
/usr/bin/cc  -DCHECK_FUNCTION_EXISTS=pthread_create    -rdynamic CMakeFiles/cmTC_3b6f6.dir/CheckFunctionExists.c.o  -o cmTC_3b6f6 -lpthreads 
/usr/bin/ld: cannot find -lpthreads
collect2: error: ld returned 1 exit status
CMakeFiles/cmTC_3b6f6.dir/build.make:97: recipe for target 'cmTC_3b6f6' failed
make[1]: *** [cmTC_3b6f6] Error 1
make[1]: Leaving directory '/home/ntut-mit/catkin_ws/build_isolated/urg_node/CMakeFiles/CMakeTmp'
Makefile:126: recipe for target 'cmTC_3b6f6/fast' failed
make: *** [cmTC_3b6f6/fast] Error 2


