Determining if the pthread_create exist failed with the following output:
Change Dir: /home/ntut-mit/catkin_ws/build_isolated/clear_costmap_recovery/CMakeFiles/CMakeTmp

Run Build Command:"/usr/bin/make" "cmTC_cb473/fast"
/usr/bin/make -f CMakeFiles/cmTC_cb473.dir/build.make CMakeFiles/cmTC_cb473.dir/build
make[1]: Entering directory '/home/ntut-mit/catkin_ws/build_isolated/clear_costmap_recovery/CMakeFiles/CMakeTmp'
Building C object CMakeFiles/cmTC_cb473.dir/CheckSymbolExists.c.o
/usr/bin/cc    -o CMakeFiles/cmTC_cb473.dir/CheckSymbolExists.c.o   -c /home/ntut-mit/catkin_ws/build_isolated/clear_costmap_recovery/CMakeFiles/CMakeTmp/CheckSymbolExists.c
Linking C executable cmTC_cb473
/usr/bin/cmake -E cmake_link_script CMakeFiles/cmTC_cb473.dir/link.txt --verbose=1
/usr/bin/cc      -rdynamic CMakeFiles/cmTC_cb473.dir/CheckSymbolExists.c.o  -o cmTC_cb473 
CMakeFiles/cmTC_cb473.dir/CheckSymbolExists.c.o: In function `main':
CheckSymbolExists.c:(.text+0x1b): undefined reference to `pthread_create'
collect2: error: ld returned 1 exit status
CMakeFiles/cmTC_cb473.dir/build.make:97: recipe for target 'cmTC_cb473' failed
make[1]: *** [cmTC_cb473] Error 1
make[1]: Leaving directory '/home/ntut-mit/catkin_ws/build_isolated/clear_costmap_recovery/CMakeFiles/CMakeTmp'
Makefile:126: recipe for target 'cmTC_cb473/fast' failed
make: *** [cmTC_cb473/fast] Error 2

File /home/ntut-mit/catkin_ws/build_isolated/clear_costmap_recovery/CMakeFiles/CMakeTmp/CheckSymbolExists.c:
/* */
#include <pthread.h>

int main(int argc, char** argv)
{
  (void)argv;
#ifndef pthread_create
  return ((int*)(&pthread_create))[argc];
#else
  (void)argc;
  return 0;
#endif
}

Determining if the function pthread_create exists in the pthreads failed with the following output:
Change Dir: /home/ntut-mit/catkin_ws/build_isolated/clear_costmap_recovery/CMakeFiles/CMakeTmp

Run Build Command:"/usr/bin/make" "cmTC_e0b1c/fast"
/usr/bin/make -f CMakeFiles/cmTC_e0b1c.dir/build.make CMakeFiles/cmTC_e0b1c.dir/build
make[1]: Entering directory '/home/ntut-mit/catkin_ws/build_isolated/clear_costmap_recovery/CMakeFiles/CMakeTmp'
Building C object CMakeFiles/cmTC_e0b1c.dir/CheckFunctionExists.c.o
/usr/bin/cc   -DCHECK_FUNCTION_EXISTS=pthread_create   -o CMakeFiles/cmTC_e0b1c.dir/CheckFunctionExists.c.o   -c /usr/share/cmake-3.10/Modules/CheckFunctionExists.c
Linking C executable cmTC_e0b1c
/usr/bin/cmake -E cmake_link_script CMakeFiles/cmTC_e0b1c.dir/link.txt --verbose=1
/usr/bin/cc  -DCHECK_FUNCTION_EXISTS=pthread_create    -rdynamic CMakeFiles/cmTC_e0b1c.dir/CheckFunctionExists.c.o  -o cmTC_e0b1c -lpthreads 
/usr/bin/ld: cannot find -lpthreads
collect2: error: ld returned 1 exit status
CMakeFiles/cmTC_e0b1c.dir/build.make:97: recipe for target 'cmTC_e0b1c' failed
make[1]: *** [cmTC_e0b1c] Error 1
make[1]: Leaving directory '/home/ntut-mit/catkin_ws/build_isolated/clear_costmap_recovery/CMakeFiles/CMakeTmp'
Makefile:126: recipe for target 'cmTC_e0b1c/fast' failed
make: *** [cmTC_e0b1c/fast] Error 2


