Determining if the pthread_create exist failed with the following output:
Change Dir: /home/ntut-mit/catkin_ws/build_isolated/costmap_2d/CMakeFiles/CMakeTmp

Run Build Command:"/usr/bin/make" "cmTC_1aa36/fast"
/usr/bin/make -f CMakeFiles/cmTC_1aa36.dir/build.make CMakeFiles/cmTC_1aa36.dir/build
make[1]: Entering directory '/home/ntut-mit/catkin_ws/build_isolated/costmap_2d/CMakeFiles/CMakeTmp'
Building C object CMakeFiles/cmTC_1aa36.dir/CheckSymbolExists.c.o
/usr/bin/cc    -o CMakeFiles/cmTC_1aa36.dir/CheckSymbolExists.c.o   -c /home/ntut-mit/catkin_ws/build_isolated/costmap_2d/CMakeFiles/CMakeTmp/CheckSymbolExists.c
Linking C executable cmTC_1aa36
/usr/bin/cmake -E cmake_link_script CMakeFiles/cmTC_1aa36.dir/link.txt --verbose=1
/usr/bin/cc      -rdynamic CMakeFiles/cmTC_1aa36.dir/CheckSymbolExists.c.o  -o cmTC_1aa36 
CMakeFiles/cmTC_1aa36.dir/CheckSymbolExists.c.o: In function `main':
CheckSymbolExists.c:(.text+0x1b): undefined reference to `pthread_create'
collect2: error: ld returned 1 exit status
CMakeFiles/cmTC_1aa36.dir/build.make:97: recipe for target 'cmTC_1aa36' failed
make[1]: *** [cmTC_1aa36] Error 1
make[1]: Leaving directory '/home/ntut-mit/catkin_ws/build_isolated/costmap_2d/CMakeFiles/CMakeTmp'
Makefile:126: recipe for target 'cmTC_1aa36/fast' failed
make: *** [cmTC_1aa36/fast] Error 2

File /home/ntut-mit/catkin_ws/build_isolated/costmap_2d/CMakeFiles/CMakeTmp/CheckSymbolExists.c:
/* */
#include <pthread.h>

int main(int argc, char** argv)
{
  (void)argv;
#ifndef pthread_create
  return ((int*)(&pthread_create))[argc];
#else
  (void)argc;
  return 0;
#endif
}

Determining if the function pthread_create exists in the pthreads failed with the following output:
Change Dir: /home/ntut-mit/catkin_ws/build_isolated/costmap_2d/CMakeFiles/CMakeTmp

Run Build Command:"/usr/bin/make" "cmTC_7a50f/fast"
/usr/bin/make -f CMakeFiles/cmTC_7a50f.dir/build.make CMakeFiles/cmTC_7a50f.dir/build
make[1]: Entering directory '/home/ntut-mit/catkin_ws/build_isolated/costmap_2d/CMakeFiles/CMakeTmp'
Building C object CMakeFiles/cmTC_7a50f.dir/CheckFunctionExists.c.o
/usr/bin/cc   -DCHECK_FUNCTION_EXISTS=pthread_create   -o CMakeFiles/cmTC_7a50f.dir/CheckFunctionExists.c.o   -c /usr/share/cmake-3.10/Modules/CheckFunctionExists.c
Linking C executable cmTC_7a50f
/usr/bin/cmake -E cmake_link_script CMakeFiles/cmTC_7a50f.dir/link.txt --verbose=1
/usr/bin/cc  -DCHECK_FUNCTION_EXISTS=pthread_create    -rdynamic CMakeFiles/cmTC_7a50f.dir/CheckFunctionExists.c.o  -o cmTC_7a50f -lpthreads 
/usr/bin/ld: cannot find -lpthreads
collect2: error: ld returned 1 exit status
CMakeFiles/cmTC_7a50f.dir/build.make:97: recipe for target 'cmTC_7a50f' failed
make[1]: *** [cmTC_7a50f] Error 1
make[1]: Leaving directory '/home/ntut-mit/catkin_ws/build_isolated/costmap_2d/CMakeFiles/CMakeTmp'
Makefile:126: recipe for target 'cmTC_7a50f/fast' failed
make: *** [cmTC_7a50f/fast] Error 2


