Determining if the pthread_create exist failed with the following output:
Change Dir: /home/ntut-mit/catkin_ws/build_isolated/joystick_drivers/CMakeFiles/CMakeTmp

Run Build Command:"/usr/bin/make" "cmTC_293e2/fast"
/usr/bin/make -f CMakeFiles/cmTC_293e2.dir/build.make CMakeFiles/cmTC_293e2.dir/build
make[1]: Entering directory '/home/ntut-mit/catkin_ws/build_isolated/joystick_drivers/CMakeFiles/CMakeTmp'
Building C object CMakeFiles/cmTC_293e2.dir/CheckSymbolExists.c.o
/usr/bin/cc    -o CMakeFiles/cmTC_293e2.dir/CheckSymbolExists.c.o   -c /home/ntut-mit/catkin_ws/build_isolated/joystick_drivers/CMakeFiles/CMakeTmp/CheckSymbolExists.c
Linking C executable cmTC_293e2
/usr/bin/cmake -E cmake_link_script CMakeFiles/cmTC_293e2.dir/link.txt --verbose=1
/usr/bin/cc      -rdynamic CMakeFiles/cmTC_293e2.dir/CheckSymbolExists.c.o  -o cmTC_293e2 
CMakeFiles/cmTC_293e2.dir/CheckSymbolExists.c.o: In function `main':
CheckSymbolExists.c:(.text+0x1b): undefined reference to `pthread_create'
collect2: error: ld returned 1 exit status
CMakeFiles/cmTC_293e2.dir/build.make:97: recipe for target 'cmTC_293e2' failed
make[1]: *** [cmTC_293e2] Error 1
make[1]: Leaving directory '/home/ntut-mit/catkin_ws/build_isolated/joystick_drivers/CMakeFiles/CMakeTmp'
Makefile:126: recipe for target 'cmTC_293e2/fast' failed
make: *** [cmTC_293e2/fast] Error 2

File /home/ntut-mit/catkin_ws/build_isolated/joystick_drivers/CMakeFiles/CMakeTmp/CheckSymbolExists.c:
/* */
#include <pthread.h>

int main(int argc, char** argv)
{
  (void)argv;
#ifndef pthread_create
  return ((int*)(&pthread_create))[argc];
#else
  (void)argc;
  return 0;
#endif
}

Determining if the function pthread_create exists in the pthreads failed with the following output:
Change Dir: /home/ntut-mit/catkin_ws/build_isolated/joystick_drivers/CMakeFiles/CMakeTmp

Run Build Command:"/usr/bin/make" "cmTC_335de/fast"
/usr/bin/make -f CMakeFiles/cmTC_335de.dir/build.make CMakeFiles/cmTC_335de.dir/build
make[1]: Entering directory '/home/ntut-mit/catkin_ws/build_isolated/joystick_drivers/CMakeFiles/CMakeTmp'
Building C object CMakeFiles/cmTC_335de.dir/CheckFunctionExists.c.o
/usr/bin/cc   -DCHECK_FUNCTION_EXISTS=pthread_create   -o CMakeFiles/cmTC_335de.dir/CheckFunctionExists.c.o   -c /usr/share/cmake-3.10/Modules/CheckFunctionExists.c
Linking C executable cmTC_335de
/usr/bin/cmake -E cmake_link_script CMakeFiles/cmTC_335de.dir/link.txt --verbose=1
/usr/bin/cc  -DCHECK_FUNCTION_EXISTS=pthread_create    -rdynamic CMakeFiles/cmTC_335de.dir/CheckFunctionExists.c.o  -o cmTC_335de -lpthreads 
/usr/bin/ld: cannot find -lpthreads
collect2: error: ld returned 1 exit status
CMakeFiles/cmTC_335de.dir/build.make:97: recipe for target 'cmTC_335de' failed
make[1]: *** [cmTC_335de] Error 1
make[1]: Leaving directory '/home/ntut-mit/catkin_ws/build_isolated/joystick_drivers/CMakeFiles/CMakeTmp'
Makefile:126: recipe for target 'cmTC_335de/fast' failed
make: *** [cmTC_335de/fast] Error 2


